<?xml version="1.0" encoding="UTF-8"?>
<testng-results ignored="0" total="3" passed="3" failed="0" skipped="0">
  <reporter-output>
  </reporter-output>
  <suite started-at="2022-01-31T18:31:32Z" name="Default suite" finished-at="2022-01-31T18:32:02Z" duration-ms="30657">
    <groups>
    </groups>
    <test started-at="2022-01-31T18:31:32Z" name="Default test" finished-at="2022-01-31T18:32:02Z" duration-ms="30657">
      <class name="com.sample.test.demo.tests.Assinment">
        <test-method is-config="true" signature="beforeClass()[pri:0, instance:com.sample.test.demo.tests.Assinment@27216cd]" started-at="2022-01-31T18:31:32Z" name="beforeClass" finished-at="2022-01-31T18:31:43Z" duration-ms="11093" status="PASS">
          <reporter-output>
          </reporter-output>
        </test-method> <!-- beforeClass -->
        <test-method signature="testcase_01_verify_error_messeges()[pri:0, instance:com.sample.test.demo.tests.Assinment@27216cd]" started-at="2022-01-31T18:31:43Z" name="testcase_01_verify_error_messeges" finished-at="2022-01-31T18:31:46Z" duration-ms="3113" status="PASS">
          <reporter-output>
          </reporter-output>
        </test-method> <!-- testcase_01_verify_error_messeges -->
        <test-method is-config="true" signature="afterMethod()[pri:0, instance:com.sample.test.demo.tests.Assinment@27216cd]" started-at="2022-01-31T18:31:46Z" name="afterMethod" finished-at="2022-01-31T18:31:48Z" duration-ms="2329" status="PASS">
          <reporter-output>
          </reporter-output>
        </test-method> <!-- afterMethod -->
        <test-method signature="testcase_02_place_the_pizza_order_using_credit_card_payment()[pri:0, instance:com.sample.test.demo.tests.Assinment@27216cd]" started-at="2022-01-31T18:31:48Z" name="testcase_02_place_the_pizza_order_using_credit_card_payment" finished-at="2022-01-31T18:31:55Z" duration-ms="6767" status="PASS">
          <reporter-output>
          </reporter-output>
        </test-method> <!-- testcase_02_place_the_pizza_order_using_credit_card_payment -->
        <test-method is-config="true" signature="afterMethod()[pri:0, instance:com.sample.test.demo.tests.Assinment@27216cd]" started-at="2022-01-31T18:31:55Z" name="afterMethod" finished-at="2022-01-31T18:31:55Z" duration-ms="139" status="PASS">
          <reporter-output>
          </reporter-output>
        </test-method> <!-- afterMethod -->
        <test-method signature="testcase_03_place_the_pizza_order_using_cash_on_pickup_option()[pri:0, instance:com.sample.test.demo.tests.Assinment@27216cd]" started-at="2022-01-31T18:31:55Z" name="testcase_03_place_the_pizza_order_using_cash_on_pickup_option" finished-at="2022-01-31T18:32:02Z" duration-ms="6703" status="PASS">
          <reporter-output>
          </reporter-output>
        </test-method> <!-- testcase_03_place_the_pizza_order_using_cash_on_pickup_option -->
        <test-method is-config="true" signature="afterMethod()[pri:0, instance:com.sample.test.demo.tests.Assinment@27216cd]" started-at="2022-01-31T18:32:02Z" name="afterMethod" finished-at="2022-01-31T18:32:02Z" duration-ms="133" status="PASS">
          <reporter-output>
          </reporter-output>
        </test-method> <!-- afterMethod -->
        <test-method is-config="true" signature="afterClass()[pri:0, instance:com.sample.test.demo.tests.Assinment@27216cd]" started-at="2022-01-31T18:32:02Z" name="afterClass" finished-at="2022-01-31T18:32:02Z" duration-ms="362" status="PASS">
          <reporter-output>
          </reporter-output>
        </test-method> <!-- afterClass -->
      </class> <!-- com.sample.test.demo.tests.Assinment -->
    </test> <!-- Default test -->
  </suite> <!-- Default suite -->
</testng-results>
