<?xml version="1.0" encoding="UTF-8"?>
<!-- Generated by org.testng.reporters.JUnitXMLReporter -->
<testsuite ignored="0" hostname="DESKTOP-D70FMU1" failures="0" tests="3" name="Default test" time="30.657" errors="0" timestamp="31 Jan 2022 18:32:02 GMT">
  <testcase classname="com.sample.test.demo.tests.Assinment" name="testcase_01_verify_error_messeges" time="3.113"/>
  <testcase classname="com.sample.test.demo.tests.Assinment" name="testcase_02_place_the_pizza_order_using_credit_card_payment" time="6.767"/>
  <testcase classname="com.sample.test.demo.tests.Assinment" name="testcase_03_place_the_pizza_order_using_cash_on_pickup_option" time="6.703"/>
</testsuite> <!-- Default test -->
